<?xml version="1.0" encoding="UTF-8"?>
<!-- Generated by org.testng.reporters.JUnitXMLReporter -->
<testsuite ignored="0" hostname="DESKTOP-1FSL10N" failures="1" tests="1" name="Default test" time="10.531" errors="0" timestamp="2025-11-30T16:09:03 IST">
  <testcase classname="io.cucumber.testng.AbstractTestNGCucumberTests" name="runScenario" time="9.453">
    <failure type="java.lang.AssertionError" message="Sign up Unsuccessful. expected [Sign up successful.] but found [This user already exist.]">
      <![CDATA[java.lang.AssertionError: Sign up Unsuccessful. expected [Sign up successful.] but found [This user already exist.]
at org.testng.Assert.fail(Assert.java:111)
at org.testng.Assert.failNotEquals(Assert.java:1578)
at org.testng.Assert.assertEqualsImpl(Assert.java:150)
at org.testng.Assert.assertEquals(Assert.java:132)
at org.testng.Assert.assertEquals(Assert.java:656)
at StepDefinitions.SignupStepDefinition.checkSuccessfulStatus(SignupStepDefinition.java:33)
at ✽.user validate successful message in Alert Box(file:///C:/Users/Diksha/OneDrive/Desktop/Diksha/DemoBlazeBDD/src/test/resources/features/DemoBlaze.feature:20)
]]>
    </failure>
  </testcase> <!-- runScenario -->
</testsuite> <!-- Default test -->
