<?xml version="1.0" encoding="UTF-8"?>
<testng-results ignored="0" total="1" passed="1" failed="0" skipped="0">
  <reporter-output>
  </reporter-output>
  <suite started-at="2026-06-20T14:41:35 IST" name="Default suite" finished-at="2026-06-20T14:41:56 IST" duration-ms="20477">
    <groups>
      <group name="cucumber">
        <method signature="AbstractTestNGCucumberTests.runScenario(io.cucumber.testng.PickleWrapper,io.cucumber.testng.FeatureWrapper)[pri:0, instance:runner.TestNGRunner@62163b39]" name="runScenario" class="io.cucumber.testng.AbstractTestNGCucumberTests"/>
      </group> <!-- cucumber -->
    </groups>
    <test started-at="2026-06-20T14:41:35 IST" name="Default test" finished-at="2026-06-20T14:41:56 IST" duration-ms="20477">
      <class name="runner.TestNGRunner">
        <test-method is-config="true" signature="setCucumberTags()[pri:0, instance:runner.TestNGRunner@62163b39]" started-at="2026-06-20T14:41:35 IST" name="setCucumberTags" finished-at="2026-06-20T14:41:35 IST" duration-ms="23" status="PASS">
          <reporter-output>
          </reporter-output>
        </test-method> <!-- setCucumberTags -->
        <test-method is-config="true" signature="setUpClass(org.testng.ITestContext)[pri:0, instance:runner.TestNGRunner@62163b39]" started-at="2026-06-20T14:41:35 IST" name="setUpClass" finished-at="2026-06-20T14:41:35 IST" duration-ms="294" status="PASS">
          <params>
            <param index="0">
              <value>
                <![CDATA[org.testng.TestRunner@13da7ab0]]>
              </value>
            </param>
          </params>
          <reporter-output>
          </reporter-output>
        </test-method> <!-- setUpClass -->
        <test-method signature="runScenario(io.cucumber.testng.PickleWrapper,io.cucumber.testng.FeatureWrapper)[pri:0, instance:runner.TestNGRunner@62163b39]" started-at="2026-06-20T14:41:35 IST" name="runScenario" description="Runs Cucumber Scenarios" data-provider="scenarios" finished-at="2026-06-20T14:41:55 IST" duration-ms="19884" status="PASS">
          <params>
            <param index="0">
              <value>
                <![CDATA["TC004 - LogOut Functionality"]]>
              </value>
            </param>
            <param index="1">
              <value>
                <![CDATA["Account Flow - Login functionality"]]>
              </value>
            </param>
          </params>
          <reporter-output>
          </reporter-output>
        </test-method> <!-- runScenario -->
        <test-method is-config="true" signature="tearDownClass()[pri:0, instance:runner.TestNGRunner@62163b39]" started-at="2026-06-20T14:41:55 IST" name="tearDownClass" finished-at="2026-06-20T14:41:56 IST" duration-ms="234" status="PASS">
          <reporter-output>
          </reporter-output>
        </test-method> <!-- tearDownClass -->
        <test-method is-config="true" signature="flushExtentReport()[pri:0, instance:runner.TestNGRunner@62163b39]" started-at="2026-06-20T14:41:56 IST" name="flushExtentReport" finished-at="2026-06-20T14:41:56 IST" duration-ms="302" status="PASS">
          <reporter-output>
          </reporter-output>
        </test-method> <!-- flushExtentReport -->
      </class> <!-- runner.TestNGRunner -->
    </test> <!-- Default test -->
  </suite> <!-- Default suite -->
</testng-results>
