<?xml version="1.0" encoding="UTF-8"?>
<testng-results ignored="0" total="1" passed="1" failed="0" skipped="0">
  <reporter-output>
  </reporter-output>
  <suite started-at="2025-11-30T16:50:12 IST" name="Default suite" finished-at="2025-11-30T16:50:22 IST" duration-ms="9738">
    <groups>
      <group name="cucumber">
        <method signature="AbstractTestNGCucumberTests.runScenario(io.cucumber.testng.PickleWrapper,io.cucumber.testng.FeatureWrapper)[pri:0, instance:runner.TestNGRunner@5dd91bca]" name="runScenario" class="io.cucumber.testng.AbstractTestNGCucumberTests"/>
      </group> <!-- cucumber -->
    </groups>
    <test started-at="2025-11-30T16:50:12 IST" name="Default test" finished-at="2025-11-30T16:50:22 IST" duration-ms="9738">
      <class name="runner.TestNGRunner">
        <test-method is-config="true" signature="setUpClass(org.testng.ITestContext)[pri:0, instance:runner.TestNGRunner@5dd91bca]" started-at="2025-11-30T16:50:12 IST" name="setUpClass" finished-at="2025-11-30T16:50:13 IST" duration-ms="366" status="PASS">
          <params>
            <param index="0">
              <value>
                <![CDATA[org.testng.TestRunner@3c6aa04a]]>
              </value>
            </param>
          </params>
          <reporter-output>
          </reporter-output>
        </test-method> <!-- setUpClass -->
        <test-method signature="runScenario(io.cucumber.testng.PickleWrapper,io.cucumber.testng.FeatureWrapper)[pri:0, instance:runner.TestNGRunner@5dd91bca]" started-at="2025-11-30T16:50:13 IST" name="runScenario" description="Runs Cucumber Scenarios" data-provider="scenarios" finished-at="2025-11-30T16:50:21 IST" duration-ms="8551" status="PASS">
          <params>
            <param index="0">
              <value>
                <![CDATA["TC003 - Sign Up with New credentials"]]>
              </value>
            </param>
            <param index="1">
              <value>
                <![CDATA["Account Flow - Login functionality"]]>
              </value>
            </param>
          </params>
          <reporter-output>
          </reporter-output>
        </test-method> <!-- runScenario -->
        <test-method is-config="true" signature="tearDownClass()[pri:0, instance:runner.TestNGRunner@5dd91bca]" started-at="2025-11-30T16:50:21 IST" name="tearDownClass" finished-at="2025-11-30T16:50:22 IST" duration-ms="732" status="PASS">
          <reporter-output>
          </reporter-output>
        </test-method> <!-- tearDownClass -->
      </class> <!-- runner.TestNGRunner -->
    </test> <!-- Default test -->
  </suite> <!-- Default suite -->
</testng-results>
