<?xml version="1.0" encoding="UTF-8"?>
<testng-results ignored="0" total="1" passed="0" failed="1" skipped="0">
  <reporter-output>
  </reporter-output>
  <suite started-at="2025-11-30T15:59:00 IST" name="Default suite" finished-at="2025-11-30T15:59:10 IST" duration-ms="9760">
    <groups>
      <group name="cucumber">
        <method signature="AbstractTestNGCucumberTests.runScenario(io.cucumber.testng.PickleWrapper,io.cucumber.testng.FeatureWrapper)[pri:0, instance:runner.TestNGRunner@5dd91bca]" name="runScenario" class="io.cucumber.testng.AbstractTestNGCucumberTests"/>
      </group> <!-- cucumber -->
    </groups>
    <test started-at="2025-11-30T15:59:00 IST" name="Default test" finished-at="2025-11-30T15:59:10 IST" duration-ms="9760">
      <class name="runner.TestNGRunner">
        <test-method is-config="true" signature="setUpClass(org.testng.ITestContext)[pri:0, instance:runner.TestNGRunner@5dd91bca]" started-at="2025-11-30T15:59:00 IST" name="setUpClass" finished-at="2025-11-30T15:59:01 IST" duration-ms="417" status="PASS">
          <params>
            <param index="0">
              <value>
                <![CDATA[org.testng.TestRunner@289fdb08]]>
              </value>
            </param>
          </params>
          <reporter-output>
          </reporter-output>
        </test-method> <!-- setUpClass -->
        <test-method signature="runScenario(io.cucumber.testng.PickleWrapper,io.cucumber.testng.FeatureWrapper)[pri:0, instance:runner.TestNGRunner@5dd91bca]" started-at="2025-11-30T15:59:01 IST" name="runScenario" description="Runs Cucumber Scenarios" data-provider="scenarios" finished-at="2025-11-30T15:59:09 IST" duration-ms="8537" status="FAIL">
          <params>
            <param index="0">
              <value>
                <![CDATA["TC003 - Sign Up with New credentials"]]>
              </value>
            </param>
            <param index="1">
              <value>
                <![CDATA["Account Flow - Login functionality"]]>
              </value>
            </param>
          </params>
          <exception class="java.lang.AssertionError">
            <message>
              <![CDATA[Sign up Unsuccessful. expected [Sign up successful.] but found [Please fill out Username and Password.]]]>
            </message>
            <full-stacktrace>
              <![CDATA[java.lang.AssertionError: Sign up Unsuccessful. expected [Sign up successful.] but found [Please fill out Username and Password.]
at org.testng.Assert.fail(Assert.java:111)
at org.testng.Assert.failNotEquals(Assert.java:1578)
at org.testng.Assert.assertEqualsImpl(Assert.java:150)
at org.testng.Assert.assertEquals(Assert.java:132)
at org.testng.Assert.assertEquals(Assert.java:656)
at StepDefinitions.SignupStepDefinition.checkSuccessfulStatus(SignupStepDefinition.java:33)
at âœ½.user validate successful message in Alert Box(file:///C:/Users/Diksha/OneDrive/Desktop/Diksha/DemoBlazeBDD/src/test/resources/features/DemoBlaze.feature:20)
]]>
            </full-stacktrace>
          </exception> <!-- java.lang.AssertionError -->
          <reporter-output>
          </reporter-output>
        </test-method> <!-- runScenario -->
        <test-method is-config="true" signature="tearDownClass()[pri:0, instance:runner.TestNGRunner@5dd91bca]" started-at="2025-11-30T15:59:09 IST" name="tearDownClass" finished-at="2025-11-30T15:59:10 IST" duration-ms="748" status="PASS">
          <reporter-output>
          </reporter-output>
        </test-method> <!-- tearDownClass -->
      </class> <!-- runner.TestNGRunner -->
    </test> <!-- Default test -->
  </suite> <!-- Default suite -->
</testng-results>
