<?xml version="1.0" encoding="UTF-8"?>
<!-- Generated by org.testng.reporters.JUnitReportReporter -->
<testsuite hostname="DESKTOP-1FSL10N" failures="1" tests="1" name="runner.TestNGRunner" time="8.537" errors="0" timestamp="2025-11-30T15:59:11 IST" skipped="0">
  <testcase classname="runner.TestNGRunner" name="runScenario" time="8.537">
    <failure message="Sign up Unsuccessful. expected [Sign up successful.] but found [Please fill out Username and Password.]" type="java.lang.AssertionError">
      <![CDATA[java.lang.AssertionError: Sign up Unsuccessful. expected [Sign up successful.] but found [Please fill out Username and Password.]
at org.testng.Assert.fail(Assert.java:111)
at org.testng.Assert.failNotEquals(Assert.java:1578)
at org.testng.Assert.assertEqualsImpl(Assert.java:150)
at org.testng.Assert.assertEquals(Assert.java:132)
at org.testng.Assert.assertEquals(Assert.java:656)
at StepDefinitions.SignupStepDefinition.checkSuccessfulStatus(SignupStepDefinition.java:33)
at âœ½.user validate successful message in Alert Box(file:///C:/Users/Diksha/OneDrive/Desktop/Diksha/DemoBlazeBDD/src/test/resources/features/DemoBlaze.feature:20)
]]>
    </failure>
  </testcase> <!-- runScenario -->
</testsuite> <!-- runner.TestNGRunner -->
